Seq : Umano
.............................................
Count distance: 1.338039 
.............................................
Seq : Capra
.............................................
Count distance: 1.780000 
.............................................
Count two distances: 3.118039 
.............................................
.............................................
Seq : Umano
.............................................
Count distance: 1.915556 
.............................................
Seq : Opossum
.............................................
Count distance: 1.915278 
.............................................
Count two distances: 3.830833 
.............................................
.............................................
Seq : Umano
.............................................
Count distance: 1.830278 
.............................................
Seq : Gallo
.............................................
Count distance: 2.172570 
.............................................
Count two distances: 4.002848 
.............................................
.............................................
Seq : Umano
.............................................
Count distance: 2.232778 
.............................................
Seq : Lemure
.............................................
Count distance: 2.133889 
.............................................
Count two distances: 4.366667 
.............................................
.............................................
Seq : Umano
.............................................
Count distance: 1.617908 
.............................................
Seq : Topo
.............................................
Count distance: 1.349167 
.............................................
Count two distances: 2.967075 
.............................................
.............................................
Seq : Umano
.............................................
Count distance: 1.456241 
.............................................
Seq : Coniglio
.............................................
Count distance: 1.555556 
.............................................
Count two distances: 3.011797 
.............................................
.............................................
Seq : Umano
.............................................
Count distance: 2.012075 
.............................................
Seq : Ratto
.............................................
Count distance: 1.927500 
.............................................
Count two distances: 3.939575 
.............................................
.............................................
Seq : Umano
.............................................
Count distance: 0.255278 
.............................................
Seq : Gorilla
.............................................
Count distance: 0.222222 
.............................................
Count two distances: 0.477500 
.............................................
.............................................
Seq : Umano
.............................................
Count distance: 1.331945 
.............................................
Seq : Bovino
.............................................
Count distance: 1.703333 
.............................................
Count two distances: 3.035278 
.............................................
.............................................
Seq : Umano
.............................................
Count distance: 0.762222 
.............................................
Seq : Scimpanzé
.............................................
Count distance: 0.222222 
.............................................
Count two distances: 0.984444 
.............................................
.............................................
Seq : Capra
.............................................
Count distance: 2.052500 
.............................................
Seq : Opossum
.............................................
Count distance: 1.748186 
.............................................
Count two distances: 3.800686 
.............................................
.............................................
Seq : Capra
.............................................
Count distance: 1.691389 
.............................................
Seq : Gallo
.............................................
Count distance: 1.582222 
.............................................
Count two distances: 3.273611 
.............................................
.............................................
Seq : Capra
.............................................
Count distance: 1.868056 
.............................................
Seq : Lemure
.............................................
Count distance: 1.476111 
.............................................
Count two distances: 3.344167 
.............................................
.............................................
Seq : Capra
.............................................
Count distance: 1.998533 
.............................................
Seq : Topo
.............................................
Count distance: 1.474019 
.............................................
Count two distances: 3.472552 
.............................................
.............................................
Seq : Capra
.............................................
Count distance: 1.766111 
.............................................
Seq : Coniglio
.............................................
Count distance: 1.628464 
.............................................
Count two distances: 3.394575 
.............................................
.............................................
Seq : Capra
.............................................
Count distance: 1.686181 
.............................................
Seq : Ratto
.............................................
Count distance: 1.762570 
.............................................
Count two distances: 3.448750 
.............................................
.............................................
Seq : Capra
.............................................
Count distance: 1.731389 
.............................................
Seq : Gorilla
.............................................
Count distance: 1.145261 
.............................................
Count two distances: 2.876650 
.............................................
.............................................
Seq : Capra
.............................................
Count distance: 0.535000 
.............................................
Seq : Bovino
.............................................
Count distance: 0.506519 
.............................................
Count two distances: 1.041519 
.............................................
.............................................
Seq : Capra
.............................................
Count distance: 1.967500 
.............................................
Seq : Scimpanzé
.............................................
Count distance: 1.159150 
.............................................
Count two distances: 3.126650 
.............................................
.............................................
Seq : Opossum
.............................................
Count distance: 1.755556 
.............................................
Seq : Gallo
.............................................
Count distance: 1.931389 
.............................................
Count two distances: 3.686944 
.............................................
.............................................
Seq : Opossum
.............................................
Count distance: 2.418611 
.............................................
Seq : Lemure
.............................................
Count distance: 2.344167 
.............................................
Count two distances: 4.762778 
.............................................
.............................................
Seq : Opossum
.............................................
Count distance: 2.354722 
.............................................
Seq : Topo
.............................................
Count distance: 2.162222 
.............................................
Count two distances: 4.516944 
.............................................
.............................................
Seq : Opossum
.............................................
Count distance: 1.623186 
.............................................
Seq : Coniglio
.............................................
Count distance: 1.788611 
.............................................
Count two distances: 3.411797 
.............................................
.............................................
Seq : Opossum
.............................................
Count distance: 2.439297 
.............................................
Seq : Ratto
.............................................
Count distance: 1.860000 
.............................................
Count two distances: 4.299297 
.............................................
.............................................
Seq : Opossum
.............................................
Count distance: 1.894445 
.............................................
Seq : Gorilla
.............................................
Count distance: 1.964167 
.............................................
Count two distances: 3.858611 
.............................................
.............................................
Seq : Opossum
.............................................
Count distance: 1.873611 
.............................................
Seq : Bovino
.............................................
Count distance: 2.036667 
.............................................
Count two distances: 3.910278 
.............................................
.............................................
Seq : Opossum
.............................................
Count distance: 2.116667 
.............................................
Seq : Scimpanzé
.............................................
Count distance: 1.764444 
.............................................
Count two distances: 3.881112 
.............................................
.............................................
Seq : Gallo
.............................................
Count distance: 2.007570 
.............................................
Seq : Lemure
.............................................
Count distance: 1.837222 
.............................................
Count two distances: 3.844792 
.............................................
.............................................
Seq : Gallo
.............................................
Count distance: 2.202222 
.............................................
Seq : Topo
.............................................
Count distance: 1.954853 
.............................................
Count two distances: 4.157075 
.............................................
.............................................
Seq : Gallo
.............................................
Count distance: 1.764514 
.............................................
Seq : Coniglio
.............................................
Count distance: 1.713464 
.............................................
Count two distances: 3.477978 
.............................................
.............................................
Seq : Gallo
.............................................
Count distance: 2.247222 
.............................................
Seq : Ratto
.............................................
Count distance: 1.785070 
.............................................
Count two distances: 4.032292 
.............................................
.............................................
Seq : Gallo
.............................................
Count distance: 2.297569 
.............................................
Seq : Gorilla
.............................................
Count distance: 1.830278 
.............................................
Count two distances: 4.127847 
.............................................
.............................................
Seq : Gallo
.............................................
Count distance: 1.733333 
.............................................
Seq : Bovino
.............................................
Count distance: 1.941389 
.............................................
Count two distances: 3.674722 
.............................................
.............................................
Seq : Gallo
.............................................
Count distance: 2.377569 
.............................................
Seq : Scimpanzé
.............................................
Count distance: 1.795556 
.............................................
Count two distances: 4.173125 
.............................................
.............................................
Seq : Lemure
.............................................
Count distance: 2.024575 
.............................................
Seq : Topo
.............................................
Count distance: 2.207222 
.............................................
Count two distances: 4.231797 
.............................................
.............................................
Seq : Lemure
.............................................
Count distance: 1.998611 
.............................................
Seq : Coniglio
.............................................
Count distance: 2.311111 
.............................................
Count two distances: 4.309722 
.............................................
.............................................
Seq : Lemure
.............................................
Count distance: 2.241944 
.............................................
Seq : Ratto
.............................................
Count distance: 2.208958 
.............................................
Count two distances: 4.450903 
.............................................
.............................................
Seq : Lemure
.............................................
Count distance: 2.014167 
.............................................
Seq : Gorilla
.............................................
Count distance: 2.147778 
.............................................
Count two distances: 4.161945 
.............................................
.............................................
Seq : Lemure
.............................................
Count distance: 1.472778 
.............................................
Seq : Bovino
.............................................
Count distance: 1.838889 
.............................................
Count two distances: 3.311667 
.............................................
.............................................
Seq : Lemure
.............................................
Count distance: 2.423889 
.............................................
Seq : Scimpanzé
.............................................
Count distance: 2.175556 
.............................................
Count two distances: 4.599445 
.............................................
.............................................
Seq : Topo
.............................................
Count distance: 1.798464 
.............................................
Seq : Coniglio
.............................................
Count distance: 1.911667 
.............................................
Count two distances: 3.710131 
.............................................
.............................................
Seq : Topo
.............................................
Count distance: 1.568056 
.............................................
Seq : Ratto
.............................................
Count distance: 1.703611 
.............................................
Count two distances: 3.271667 
.............................................
.............................................
Seq : Topo
.............................................
Count distance: 1.238056 
.............................................
Seq : Gorilla
.............................................
Count distance: 1.362631 
.............................................
Count two distances: 2.600686 
.............................................
.............................................
Seq : Topo
.............................................
Count distance: 1.411519 
.............................................
Seq : Bovino
.............................................
Count distance: 1.814366 
.............................................
Count two distances: 3.225886 
.............................................
.............................................
Seq : Topo
.............................................
Count distance: 1.568056 
.............................................
Seq : Scimpanzé
.............................................
Count distance: 1.340131 
.............................................
Count two distances: 2.908186 
.............................................
.............................................
Seq : Coniglio
.............................................
Count distance: 1.706944 
.............................................
Seq : Ratto
.............................................
Count distance: 1.820000 
.............................................
Count two distances: 3.526944 
.............................................
.............................................
Seq : Coniglio
.............................................
Count distance: 1.609445 
.............................................
Seq : Gorilla
.............................................
Count distance: 1.448872 
.............................................
Count two distances: 3.058316 
.............................................
.............................................
Seq : Coniglio
.............................................
Count distance: 1.691389 
.............................................
Seq : Bovino
.............................................
Count distance: 1.758464 
.............................................
Count two distances: 3.449853 
.............................................
.............................................
Seq : Coniglio
.............................................
Count distance: 1.796945 
.............................................
Seq : Scimpanzé
.............................................
Count distance: 1.414150 
.............................................
Count two distances: 3.211094 
.............................................
.............................................
Seq : Ratto
.............................................
Count distance: 1.856389 
.............................................
Seq : Gorilla
.............................................
Count distance: 1.998186 
.............................................
Count two distances: 3.854575 
.............................................
.............................................
Seq : Ratto
.............................................
Count distance: 1.945070 
.............................................
Seq : Bovino
.............................................
Count distance: 1.737978 
.............................................
Count two distances: 3.683047 
.............................................
.............................................
Seq : Ratto
.............................................
Count distance: 2.141111 
.............................................
Seq : Scimpanzé
.............................................
Count distance: 1.998186 
.............................................
Count two distances: 4.139297 
.............................................
.............................................
Seq : Gorilla
.............................................
Count distance: 1.139167 
.............................................
Seq : Bovino
.............................................
Count distance: 1.654722 
.............................................
Count two distances: 2.793889 
.............................................
.............................................
Seq : Gorilla
.............................................
Count distance: 0.546944 
.............................................
Seq : Scimpanzé
.............................................
Count distance: 0.000000 
.............................................
Count two distances: 0.546944 
.............................................
.............................................
Seq : Bovino
.............................................
Count distance: 1.890833 
.............................................
Seq : Scimpanzé
.............................................
Count distance: 1.153056 
.............................................
Count two distances: 3.043889 
.............................................
.............................................
